  Collider.cpp
  RigidBody.cpp
  Testeos.cpp
C:\Users\Joselu\Desktop\Github\Physics-Engine\PhysicsEngine\PhysicsEngine\Vector3.hpp(15,14): warning C4244: 'return': conversión de 'double' a 'float'; posible pérdida de datos
  (compilando archivo de origen "Collider.cpp")
  
C:\Users\Joselu\Desktop\Github\Physics-Engine\PhysicsEngine\PhysicsEngine\Vector3.hpp(21,14): warning C4244: 'return': conversión de 'double' a 'float'; posible pérdida de datos
  (compilando archivo de origen "Collider.cpp")
  
C:\Users\Joselu\Desktop\Github\Physics-Engine\PhysicsEngine\PhysicsEngine\Vector2.hpp(14,14): warning C4244: 'return': conversión de 'double' a 'float'; posible pérdida de datos
  (compilando archivo de origen "Collider.cpp")
  
C:\Users\Joselu\Desktop\Github\Physics-Engine\PhysicsEngine\PhysicsEngine\Vector2.hpp(20,14): warning C4244: 'return': conversión de 'double' a 'float'; posible pérdida de datos
  (compilando archivo de origen "Collider.cpp")
  
C:\Users\Joselu\Desktop\Github\Physics-Engine\PhysicsEngine\PhysicsEngine\Vector2.hpp(14,14): warning C4244: 'return': conversión de 'double' a 'float'; posible pérdida de datos
  (compilando archivo de origen "RigidBody.cpp")
  
C:\Users\Joselu\Desktop\Github\Physics-Engine\PhysicsEngine\PhysicsEngine\Vector2.hpp(20,14): warning C4244: 'return': conversión de 'double' a 'float'; posible pérdida de datos
  (compilando archivo de origen "RigidBody.cpp")
  
C:\Users\Joselu\Desktop\Github\Physics-Engine\PhysicsEngine\PhysicsEngine\Vector3.hpp(15,14): warning C4244: 'return': conversión de 'double' a 'float'; posible pérdida de datos
  (compilando archivo de origen "Testeos.cpp")
  
C:\Users\Joselu\Desktop\Github\Physics-Engine\PhysicsEngine\PhysicsEngine\Vector3.hpp(21,14): warning C4244: 'return': conversión de 'double' a 'float'; posible pérdida de datos
  (compilando archivo de origen "Testeos.cpp")
  
C:\Users\Joselu\Desktop\Github\Physics-Engine\PhysicsEngine\PhysicsEngine\Vector2.hpp(14,14): warning C4244: 'return': conversión de 'double' a 'float'; posible pérdida de datos
  (compilando archivo de origen "Testeos.cpp")
  
C:\Users\Joselu\Desktop\Github\Physics-Engine\PhysicsEngine\PhysicsEngine\Vector2.hpp(20,14): warning C4244: 'return': conversión de 'double' a 'float'; posible pérdida de datos
  (compilando archivo de origen "Testeos.cpp")
  
  Generando código...
  PhysicsEngine.vcxproj -> C:\Users\Joselu\Desktop\Github\Physics-Engine\PhysicsEngine\x64\Debug\PhysicsEngine.exe
